2016/07/09 13:19:35 test.go:22: strconv.ParseInt: parsing "": invalid syntax
2016/07/09 13:19:55 test.go:22: strconv.ParseInt: parsing "": invalid syntax
2016/07/19 16:09:19 server.go:1775: http: multiple response.WriteHeader calls
2016/07/19 16:09:39 server.go:1775: http: multiple response.WriteHeader calls
2016/07/19 16:09:48 server.go:1775: http: multiple response.WriteHeader calls
2016/07/19 16:12:19 server.go:1775: http: multiple response.WriteHeader calls
2016/07/19 16:13:28 server.go:1775: http: multiple response.WriteHeader calls
2016/07/19 16:15:44 server.go:1775: http: multiple response.WriteHeader calls
2016/07/19 16:20:45 server.go:1775: http: multiple response.WriteHeader calls
2016/07/19 17:14:47 server.go:1775: http: multiple response.WriteHeader calls
2016/07/19 17:26:01 server.go:1775: http: multiple response.WriteHeader calls
2016/07/19 17:27:10 server.go:1775: http: multiple response.WriteHeader calls
2016/07/19 17:28:39 server.go:1775: http: multiple response.WriteHeader calls
2016/07/20 09:19:47 test.go:72: open ./test/asd.png: The system cannot find the path specified.
2016/07/20 09:21:54 test.go:73: open ./test/asd.png: The system cannot find the path specified.
2016/07/20 09:23:23 test.go:73: open ./test/asd.png: The system cannot find the path specified.
2016/07/20 09:32:23 test.go:84: open upload/asd.png: The system cannot find the path specified.
2016/07/21 09:59:36 server.go:1775: http: multiple response.WriteHeader calls
2016/07/21 10:00:46 server.go:1775: http: multiple response.WriteHeader calls
2016/07/21 10:00:59 server.go:1775: http: multiple response.WriteHeader calls
2016/07/21 10:01:21 server.go:1775: http: multiple response.WriteHeader calls
2016/07/21 10:01:33 server.go:1775: http: multiple response.WriteHeader calls
2016/07/21 10:02:24 server.go:1775: http: multiple response.WriteHeader calls
2016/07/21 10:03:18 server.go:1775: http: multiple response.WriteHeader calls
2016/07/21 10:04:41 server.go:1775: http: multiple response.WriteHeader calls
2016/07/21 10:05:52 server.go:1775: http: multiple response.WriteHeader calls
2016/07/21 10:21:21 server.go:1775: http: multiple response.WriteHeader calls
2016/07/21 10:25:30 server.go:1775: http: multiple response.WriteHeader calls
2016/07/21 15:58:48 service.go:63: 文件名错误
2016/07/21 16:00:22 service.go:64: 文件名错误
2016/07/21 16:03:12 server.go:1775: http: multiple response.WriteHeader calls
2016/07/21 16:03:22 server.go:1775: http: multiple response.WriteHeader calls
